<?xml version="1.0" encoding="UTF-8"?>
<!-- Generated by org.testng.reporters.JUnitReportReporter -->
<testsuite skipped="0" hostname="MTYTM1751129S" name="testRunners.FirstRunner" tests="1" failures="0" timestamp="28 ene 2020 19:59:01 GMT" time="27.426" errors="0">
  <testcase name="runScenario" time="27.426" classname="testRunners.FirstRunner"/>
</testsuite> <!-- testRunners.FirstRunner -->
